TN:
SF:src\components\test\registroProducto.js
FN:1,registroProducto
FNF:1
FNH:1
FNDA:5,registroProducto
DA:2,5
DA:5,5
DA:6,1
DA:10,4
DA:11,4
DA:12,0
DA:16,4
DA:17,1
DA:20,3
DA:21,1
DA:24,2
DA:25,1
DA:28,1
DA:30,1
LF:14
LH:13
BRDA:5,0,0,1
BRDA:5,0,1,4
BRDA:5,1,0,5
BRDA:5,1,1,4
BRDA:5,1,2,4
BRDA:5,1,3,4
BRDA:11,2,0,0
BRDA:11,2,1,4
BRDA:16,3,0,1
BRDA:16,3,1,3
BRDA:16,4,0,4
BRDA:16,4,1,4
BRDA:20,5,0,1
BRDA:20,5,1,2
BRDA:20,6,0,3
BRDA:20,6,1,3
BRDA:24,7,0,1
BRDA:24,7,1,1
BRDA:24,8,0,2
BRDA:24,8,1,1
BRF:20
BRH:19
end_of_record
